INFO:     Will watch for changes in these directories: ['C:\\Users\\colem\\OneDrive\\solottrpg']
INFO:     Uvicorn running on http://127.0.0.1:8000 (Press CTRL+C to quit)
INFO:     Started reloader process [54120] using StatReload
INFO:     Started server process [66964]
INFO:     Waiting for application startup.
INFO:solottrpg:Application startup: pid=66964 ts=1764485120
INFO:solottrpg:Initializing database...
INFO:solottrpg:Dev user ensured (test@example.com / secret)
INFO:solottrpg:Database ready
INFO:     Application startup complete.
WARNING:  StatReload detected changes in 'server\db.py'. Reloading...
INFO:     Shutting down
INFO:     Waiting for application shutdown.
INFO:     Application shutdown complete.
INFO:     Finished server process [66964]
INFO:     Started server process [73708]
INFO:     Waiting for application startup.
INFO:solottrpg:Application startup: pid=73708 ts=1764542071
INFO:solottrpg:Initializing database...
INFO:solottrpg:Dev user ensured (test@example.com / secret)
INFO:solottrpg:Database ready
INFO:     Application startup complete.
WARNING:  StatReload detected changes in 'server\agents\player.py'. Reloading...
INFO:     Shutting down
INFO:     Waiting for application shutdown.
INFO:     Application shutdown complete.
INFO:     Finished server process [73708]
INFO:     Started server process [50972]
INFO:     Waiting for application startup.
INFO:solottrpg:Application startup: pid=50972 ts=1764542371
INFO:solottrpg:Initializing database...
INFO:solottrpg:Dev user ensured (test@example.com / secret)
INFO:solottrpg:Database ready
INFO:     Application startup complete.
WARNING:  StatReload detected changes in 'server\tools\playthrough.py'. Reloading...
INFO:     Shutting down
INFO:     Waiting for application shutdown.
INFO:     Application shutdown complete.
INFO:     Finished server process [50972]
INFO:     Started server process [79556]
INFO:     Waiting for application startup.
INFO:solottrpg:Application startup: pid=79556 ts=1764542671
INFO:solottrpg:Initializing database...
INFO:solottrpg:Dev user ensured (test@example.com / secret)
INFO:solottrpg:Database ready
INFO:     Application startup complete.
WARNING:  StatReload detected changes in 'server\db.py'. Reloading...
INFO:     Shutting down
INFO:     Waiting for application shutdown.
INFO:     Application shutdown complete.
INFO:     Finished server process [79556]
INFO:     Started server process [80900]
INFO:     Waiting for application startup.
INFO:solottrpg:Application startup: pid=80900 ts=1764542972
INFO:solottrpg:Initializing database...
INFO:solottrpg:Dev user ensured (test@example.com / secret)
INFO:solottrpg:Database ready
INFO:     Application startup complete.
WARNING:  StatReload detected changes in 'server\agents\sessions.py'. Reloading...
INFO:     Shutting down
INFO:     Waiting for application shutdown.
INFO:     Application shutdown complete.
INFO:     Finished server process [80900]
INFO:     Started server process [75916]
INFO:     Waiting for application startup.
INFO:solottrpg:Application startup: pid=75916 ts=1764543272
INFO:solottrpg:Initializing database...
INFO:solottrpg:Dev user ensured (test@example.com / secret)
INFO:solottrpg:Database ready
INFO:     Application startup complete.
